<?xml version="1.0" encoding="UTF-8"?>
<testsuite name="com.smop.routingservice.RoutingserviceApplicationTests" tests="1" skipped="0" failures="0" errors="0" timestamp="2025-08-17T10:55:42.521Z" hostname="rob-ASUS-Zenbook-S-16-UM5606WA-UM5606WA" time="0.476">
  <properties/>
  <testcase name="contextLoads()" classname="com.smop.routingservice.RoutingserviceApplicationTests" time="0.476"/>
  <system-out><![CDATA[12:55:39.658 [Test worker] INFO org.springframework.test.context.support.AnnotationConfigContextLoaderUtils -- Could not detect default configuration classes for test class [com.smop.routingservice.RoutingserviceApplicationTests]: RoutingserviceApplicationTests does not declare any static, non-private, non-final, nested classes annotated with @Configuration.
12:55:39.736 [Test worker] INFO org.springframework.boot.test.context.SpringBootTestContextBootstrapper -- Found @SpringBootConfiguration com.smop.routingservice.RoutingserviceApplication for test class com.smop.routingservice.RoutingserviceApplicationTests

  .   ____          _            __ _ _
 /\\ / ___'_ __ _ _(_)_ __  __ _ \ \ \ \
( ( )\___ | '_ | '_| | '_ \/ _` | \ \ \ \
 \\/  ___)| |_)| | | | | || (_| |  ) ) ) )
  '  |____| .__|_| |_|_| |_\__, | / / / /
 =========|_|==============|___/=/_/_/_/

 :: Spring Boot ::                (v3.5.4)

2025-08-17T12:55:40.065+02:00  INFO 108927 --- [routingservice] [    Test worker] c.s.r.RoutingserviceApplicationTests     : Starting RoutingserviceApplicationTests using Java 21.0.8 with PID 108927 (started by rob in /home/rob/Documents/development/smop/routingservice)
2025-08-17T12:55:40.067+02:00  INFO 108927 --- [routingservice] [    Test worker] c.s.r.RoutingserviceApplicationTests     : No active profile set, falling back to 1 default profile: "default"
2025-08-17T12:55:40.543+02:00  INFO 108927 --- [routingservice] [    Test worker] .s.d.r.c.RepositoryConfigurationDelegate : Bootstrapping Spring Data JPA repositories in DEFAULT mode.
2025-08-17T12:55:40.561+02:00  INFO 108927 --- [routingservice] [    Test worker] .s.d.r.c.RepositoryConfigurationDelegate : Finished Spring Data repository scanning in 11 ms. Found 0 JPA repository interfaces.
2025-08-17T12:55:40.876+02:00  INFO 108927 --- [routingservice] [    Test worker] com.zaxxer.hikari.HikariDataSource       : HikariPool-1 - Starting...
2025-08-17T12:55:41.007+02:00  INFO 108927 --- [routingservice] [    Test worker] com.zaxxer.hikari.pool.HikariPool        : HikariPool-1 - Added connection conn0: url=jdbc:h2:mem:1b343a57-118c-4dec-b52f-7867aa052f1b user=SA
2025-08-17T12:55:41.009+02:00  INFO 108927 --- [routingservice] [    Test worker] com.zaxxer.hikari.HikariDataSource       : HikariPool-1 - Start completed.
2025-08-17T12:55:41.051+02:00  INFO 108927 --- [routingservice] [    Test worker] o.hibernate.jpa.internal.util.LogHelper  : HHH000204: Processing PersistenceUnitInfo [name: default]
2025-08-17T12:55:41.084+02:00  INFO 108927 --- [routingservice] [    Test worker] org.hibernate.Version                    : HHH000412: Hibernate ORM core version 6.6.22.Final
2025-08-17T12:55:41.106+02:00  INFO 108927 --- [routingservice] [    Test worker] o.h.c.internal.RegionFactoryInitiator    : HHH000026: Second-level cache disabled
2025-08-17T12:55:41.294+02:00  INFO 108927 --- [routingservice] [    Test worker] o.s.o.j.p.SpringPersistenceUnitInfo      : No LoadTimeWeaver setup: ignoring JPA class transformer
2025-08-17T12:55:41.341+02:00  INFO 108927 --- [routingservice] [    Test worker] org.hibernate.orm.connections.pooling    : HHH10001005: Database info:
	Database JDBC URL [Connecting through datasource 'HikariDataSource (HikariPool-1)']
	Database driver: undefined/unknown
	Database version: 2.3.232
	Autocommit mode: undefined/unknown
	Isolation level: undefined/unknown
	Minimum pool size: undefined/unknown
	Maximum pool size: undefined/unknown
2025-08-17T12:55:41.809+02:00  INFO 108927 --- [routingservice] [    Test worker] o.h.e.t.j.p.i.JtaPlatformInitiator       : HHH000489: No JTA platform available (set 'hibernate.transaction.jta.platform' to enable JTA platform integration)
2025-08-17T12:55:41.837+02:00  INFO 108927 --- [routingservice] [    Test worker] j.LocalContainerEntityManagerFactoryBean : Initialized JPA EntityManagerFactory for persistence unit 'default'
2025-08-17T12:55:41.974+02:00  WARN 108927 --- [routingservice] [    Test worker] JpaBaseConfiguration$JpaWebConfiguration : spring.jpa.open-in-view is enabled by default. Therefore, database queries may be performed during view rendering. Explicitly configure spring.jpa.open-in-view to disable this warning
2025-08-17T12:55:42.491+02:00  INFO 108927 --- [routingservice] [    Test worker] o.s.s.config.TaskSchedulerRouter         : No TaskScheduler/ScheduledExecutorService bean found for scheduled processing
2025-08-17T12:55:42.503+02:00  INFO 108927 --- [routingservice] [    Test worker] c.s.r.RoutingserviceApplicationTests     : Started RoutingserviceApplicationTests in 2.678 seconds (process running for 3.442)
]]></system-out>
  <system-err><![CDATA[Mockito is currently self-attaching to enable the inline-mock-maker. This will no longer work in future releases of the JDK. Please add Mockito as an agent to your build as described in Mockito's documentation: https://javadoc.io/doc/org.mockito/mockito-core/latest/org.mockito/org/mockito/Mockito.html#0.3
WARNING: A Java agent has been loaded dynamically (/home/rob/.gradle/caches/modules-2/files-2.1/net.bytebuddy/byte-buddy-agent/1.17.6/17b32fd9f57deef02842f7f05abc4ad8127fe34e/byte-buddy-agent-1.17.6.jar)
WARNING: If a serviceability tool is in use, please run with -XX:+EnableDynamicAgentLoading to hide this warning
WARNING: If a serviceability tool is not in use, please run with -Djdk.instrument.traceUsage for more information
WARNING: Dynamic loading of agents will be disallowed by default in a future release
]]></system-err>
</testsuite>
